[INFO ] 2022-06-28 20:02:35.078 [main] BaseClass - Initialize all the Methods
[INFO ] 2022-06-28 20:02:39.729 [main] BaseClass - Setting Up Browser
[INFO ] 2022-06-28 20:02:39.776 [main] BaseClass - Extent Report test is created
[INFO ] 2022-06-28 20:02:45.129 [main] BaseClass - Executed all test
[INFO ] 2022-06-28 20:02:46.125 [main] BaseClass - Passed the Test Case
[INFO ] 2022-06-28 20:02:46.557 [main] BaseClass - Finished Extent Report
[INFO ] 2022-06-28 20:05:05.604 [main] BaseClass - Initialize all the Methods
[INFO ] 2022-06-28 20:05:10.022 [main] BaseClass - Setting Up Browser
[INFO ] 2022-06-28 20:05:10.068 [main] BaseClass - Extent Report test is created
[INFO ] 2022-06-28 20:05:15.448 [main] BaseClass - Executed all test
[INFO ] 2022-06-28 20:05:16.273 [main] BaseClass - Passed the Test Case
[INFO ] 2022-06-28 20:05:16.691 [main] BaseClass - Finished Extent Report
[INFO ] 2022-06-28 20:13:00.491 [main] BaseClass - Initialize all the Methods
[INFO ] 2022-06-28 20:13:05.548 [main] BaseClass - Setting Up Browser
[INFO ] 2022-06-28 20:13:06.127 [main] BaseClass - Executed all test
[INFO ] 2022-06-28 20:13:06.552 [main] BaseClass - Passed the Test Case
[INFO ] 2022-06-28 20:13:07.049 [main] BaseClass - Finished Extent Report
[INFO ] 2022-06-28 20:14:24.014 [main] BaseClass - Initialize all the Methods
[INFO ] 2022-06-28 20:14:28.033 [main] BaseClass - Setting Up Browser
[INFO ] 2022-06-28 20:14:28.600 [main] BaseClass - Executed all test
[INFO ] 2022-06-28 20:14:29.008 [main] BaseClass - Passed the Test Case
[INFO ] 2022-06-28 20:14:29.498 [main] BaseClass - Finished Extent Report
[INFO ] 2022-06-28 20:16:54.117 [main] BaseClass - Initialize all the Methods
[INFO ] 2022-06-28 20:17:00.052 [main] BaseClass - Setting Up Browser
[INFO ] 2022-06-28 20:17:00.603 [main] BaseClass - Executed all test
[INFO ] 2022-06-28 20:17:01.022 [main] BaseClass - Passed the Test Case
[INFO ] 2022-06-28 20:17:01.538 [main] BaseClass - Finished Extent Report
[INFO ] 2022-06-28 21:34:40.333 [main] BaseClass - Initialize all the Methods
[INFO ] 2022-06-28 21:34:44.795 [main] BaseClass - Setting Up Browser
[INFO ] 2022-06-28 21:34:45.350 [main] BaseClass - Finished Extent Report
[INFO ] 2022-06-29 13:25:24.832 [main] BaseClass - Initialize all the Methods
[INFO ] 2022-06-29 13:25:32.028 [main] BaseClass - Setting Up Browser
[INFO ] 2022-06-29 13:25:32.076 [main] BaseClass - Extent Report test is created
[WARN ] 2022-06-29 13:25:32.358 [main] BaseClass - This is Failed
[INFO ] 2022-06-29 13:25:32.740 [main] BaseClass - Finished Extent Report
[INFO ] 2022-06-29 15:11:10.602 [main] BaseClass - Initialize all the Methods
[INFO ] 2022-06-29 15:11:15.986 [main] BaseClass - Setting Up Browser
[INFO ] 2022-06-29 15:11:16.017 [main] BaseClass - Extent Report test is created
[INFO ] 2022-06-29 15:11:21.322 [main] BaseClass - Executed all test
[INFO ] 2022-06-29 15:11:22.199 [main] BaseClass - Passed the Test Case
[INFO ] 2022-06-29 15:11:22.553 [main] BaseClass - Finished Extent Report
[INFO ] 2022-06-29 20:13:39.353 [main] BaseClass - Initialize all the Methods
[INFO ] 2022-06-29 20:13:44.576 [main] BaseClass - Setting Up Browser
[INFO ] 2022-06-29 20:13:49.893 [main] BaseClass - Executed all test
[INFO ] 2022-06-29 20:13:50.219 [main] BaseClass - Finished Extent Report
[INFO ] 2022-06-29 20:14:34.901 [main] BaseClass - Initialize all the Methods
[INFO ] 2022-06-29 20:14:39.847 [main] BaseClass - Setting Up Browser
[INFO ] 2022-06-29 20:14:45.240 [main] BaseClass - Executed all test
[INFO ] 2022-06-29 20:14:45.795 [main] BaseClass - Finished Extent Report
[INFO ] 2022-06-29 20:22:55.121 [main] BaseClass - Initialize all the Methods
[INFO ] 2022-06-29 20:22:59.368 [main] BaseClass - Setting Up Browser
[INFO ] 2022-06-29 20:22:59.403 [main] BaseClass - Extent Report test is created
[INFO ] 2022-06-29 20:23:04.781 [main] BaseClass - Executed all test
[INFO ] 2022-06-29 20:23:05.522 [main] BaseClass - Passed the Test Case
[INFO ] 2022-06-29 20:23:05.851 [main] BaseClass - Finished Extent Report
[INFO ] 2022-06-30 12:01:24.966 [main] BaseClass - Initialize all the Methods
[INFO ] 2022-06-30 12:01:28.608 [main] BaseClass - Setting Up Browser
[INFO ] 2022-06-30 12:01:28.657 [main] BaseClass - Extent Report test is created
[INFO ] 2022-06-30 12:01:34.065 [main] BaseClass - Executed all test
[INFO ] 2022-06-30 12:01:34.897 [main] BaseClass - Passed the Test Case
[INFO ] 2022-06-30 12:01:35.375 [main] BaseClass - Finished Extent Report
[INFO ] 2022-06-30 13:16:06.313 [main] BaseClass - Initialize all the Methods
[INFO ] 2022-06-30 13:16:10.325 [main] BaseClass - Setting Up Browser
[INFO ] 2022-06-30 13:16:10.990 [main] BaseClass - Executed all test
[INFO ] 2022-06-30 13:16:16.318 [main] BaseClass - Passed the Test Case
[INFO ] 2022-06-30 13:16:16.788 [main] BaseClass - Finished Extent Report
[INFO ] 2022-07-01 15:56:46.537 [main] BaseClass - Initialize all the Methods
[INFO ] 2022-07-01 15:57:01.099 [main] BaseClass - Setting Up Browser
[INFO ] 2022-07-01 15:57:01.190 [main] BaseClass - Extent Report test is created
[INFO ] 2022-07-01 15:57:07.522 [main] BaseClass - Executed all test
[INFO ] 2022-07-01 15:57:10.389 [main] BaseClass - Passed the Test Case
[INFO ] 2022-07-01 15:57:11.238 [main] BaseClass - Finished Extent Report
[INFO ] 2022-07-01 16:21:06.925 [main] BaseClass - Initialize all the Methods
[INFO ] 2022-07-01 16:21:20.603 [main] BaseClass - Setting Up Browser
[INFO ] 2022-07-01 16:21:20.804 [main] BaseClass - Extent Report test is created
[INFO ] 2022-07-01 16:21:29.933 [main] BaseClass - Executed all test
[INFO ] 2022-07-01 16:21:34.617 [main] BaseClass - Passed the Test Case
[INFO ] 2022-07-01 16:21:36.937 [main] BaseClass - Finished Extent Report
[INFO ] 2022-07-02 20:48:07.343 [main] BaseClass - Initialize all the Methods
[INFO ] 2022-07-02 20:48:12.237 [main] BaseClass - Setting Up Browser
[INFO ] 2022-07-02 20:48:12.612 [main] BaseClass - Executed all test
[INFO ] 2022-07-02 20:48:12.953 [main] BaseClass - Passed the Test Case
[INFO ] 2022-07-02 20:48:13.137 [main] BaseClass - Finished Extent Report
[INFO ] 2022-07-02 20:50:53.194 [main] BaseClass - Initialize all the Methods
[INFO ] 2022-07-02 20:50:56.746 [main] BaseClass - Setting Up Browser
[INFO ] 2022-07-02 20:50:57.109 [main] BaseClass - Executed all test
[INFO ] 2022-07-02 20:50:57.541 [main] BaseClass - Passed the Test Case
[INFO ] 2022-07-02 20:50:57.785 [main] BaseClass - Finished Extent Report
[INFO ] 2022-07-02 20:54:54.193 [main] BaseClass - Initialize all the Methods
[INFO ] 2022-07-02 20:54:57.631 [main] BaseClass - Setting Up Browser
[INFO ] 2022-07-02 20:54:57.658 [main] BaseClass - Extent Report test is created
[INFO ] 2022-07-02 20:55:02.960 [main] BaseClass - Executed all test
[INFO ] 2022-07-02 20:55:03.593 [main] BaseClass - Passed the Test Case
[INFO ] 2022-07-02 20:55:03.852 [main] BaseClass - Finished Extent Report
[INFO ] 2022-07-02 20:56:51.908 [main] BaseClass - Initialize all the Methods
[INFO ] 2022-07-02 20:56:55.496 [main] BaseClass - Setting Up Browser
[INFO ] 2022-07-02 20:56:55.845 [main] BaseClass - Executed all test
[INFO ] 2022-07-02 20:56:56.207 [main] BaseClass - Passed the Test Case
[INFO ] 2022-07-02 20:56:56.432 [main] BaseClass - Finished Extent Report
[INFO ] 2022-07-02 21:01:53.155 [main] BaseClass - Initialize all the Methods
[INFO ] 2022-07-02 21:01:57.334 [main] BaseClass - Setting Up Browser
[INFO ] 2022-07-02 21:01:57.750 [main] BaseClass - Executed all test
[INFO ] 2022-07-02 21:01:58.135 [main] BaseClass - Passed the Test Case
[INFO ] 2022-07-02 21:01:58.376 [main] BaseClass - Finished Extent Report
[INFO ] 2022-07-02 21:06:57.292 [main] BaseClass - Initialize all the Methods
[INFO ] 2022-07-02 21:07:00.798 [main] BaseClass - Setting Up Browser
[INFO ] 2022-07-02 21:07:01.226 [main] BaseClass - Executed all test
[INFO ] 2022-07-02 21:07:06.568 [main] BaseClass - Passed the Test Case
[INFO ] 2022-07-02 21:07:06.809 [main] BaseClass - Finished Extent Report
[INFO ] 2022-07-02 21:08:39.402 [main] BaseClass - Initialize all the Methods
[INFO ] 2022-07-02 21:08:42.618 [main] BaseClass - Setting Up Browser
[INFO ] 2022-07-02 21:08:43.080 [main] BaseClass - Executed all test
[INFO ] 2022-07-02 21:08:48.459 [main] BaseClass - Passed the Test Case
[INFO ] 2022-07-02 21:08:48.768 [main] BaseClass - Finished Extent Report
[INFO ] 2022-07-10 16:28:30.989 [main] BaseClass - Initialize all the Methods
[INFO ] 2022-07-10 16:28:48.346 [main] BaseClass - Setting Up Browser
[INFO ] 2022-07-10 16:28:48.404 [main] BaseClass - Extent Report test is created
[INFO ] 2022-07-10 16:28:53.761 [main] BaseClass - Executed all test
[INFO ] 2022-07-10 16:28:54.589 [main] BaseClass - Passed the Test Case
[INFO ] 2022-07-10 16:28:54.985 [main] BaseClass - Finished Extent Report
[INFO ] 2022-07-10 16:29:14.928 [main] BaseClass - Initialize all the Methods
[INFO ] 2022-07-10 16:29:17.886 [main] BaseClass - Setting Up Browser
[INFO ] 2022-07-10 16:29:17.918 [main] BaseClass - Extent Report test is created
[INFO ] 2022-07-10 16:29:23.303 [main] BaseClass - Executed all test
[INFO ] 2022-07-10 16:29:24.093 [main] BaseClass - Passed the Test Case
[INFO ] 2022-07-10 16:29:24.514 [main] BaseClass - Finished Extent Report
[INFO ] 2022-07-10 16:29:36.176 [main] BaseClass - Initialize all the Methods
[INFO ] 2022-07-10 16:29:38.756 [main] BaseClass - Setting Up Browser
[INFO ] 2022-07-10 16:29:39.243 [main] BaseClass - Executed all test
[INFO ] 2022-07-10 16:29:39.749 [main] BaseClass - Passed the Test Case
[INFO ] 2022-07-10 16:29:40.174 [main] BaseClass - Finished Extent Report
